<?xml version="1.0" encoding="UTF-8"?>
<!-- Generated by org.testng.reporters.JUnitReportReporter -->
<testsuite skipped="0" hostname="LT0091756" name="RelianceFoundation.JioRFI.Abc" tests="1" failures="0" timestamp="22 Jul 2019 17:51:44 GMT" time="78.530" errors="0">
  <testcase name="appTest" time="78.530" classname="RelianceFoundation.JioRFI.Abc"/>
</testsuite> <!-- RelianceFoundation.JioRFI.Abc -->
